<?xml version="1.0" encoding="UTF-8"?>
<testsuite name="com.cm6123.wormhole.PlayerChecks" tests="1" skipped="0" failures="0" errors="0" timestamp="2022-03-28T00:11:09" hostname="NSAF47B090A989E" time="0.007">
  <properties/>
  <testcase name="testingWormholes()" classname="com.cm6123.wormhole.PlayerChecks" time="0.007"/>
  <system-out><![CDATA[Creating a board...
The board is 49 squares
]]></system-out>
  <system-err><![CDATA[]]></system-err>
</testsuite>
